# JRE version: Java(TM) SE Runtime Environment (18.0+36) (build 18+36-2087)
# Java VM: Java HotSpot(TM) 64-Bit Server VM (18+36-2087, mixed mode, sharing, tiered, compressed oops, compressed class ptrs, g1 gc, windows-amd64)
GC Precious Log:
 CardTable entry size: 512
 Card Set container configuration: InlinePtr #cards 5 size 8 Array Of Cards #cards 12 size 40 Howl #buckets 4 coarsen threshold 1843 Howl Bitmap #cards 512 size 80 coarsen threshold 460 Card regions per heap region 1 cards per card region 2048
 CPUs: 4 total, 4 available
 Memory: 3484M
 Large Page Support: Disabled
 NUMA Support: Disabled
 Compressed Oops: Enabled (32-bit)
 Heap Region Size: 1M
 Heap Min Capacity: 8M
 Heap Initial Capacity: 56M
 Heap Max Capacity: 872M
 Pre-touch: Disabled
 Parallel Workers: 4
 Concurrent Workers: 1
 Concurrent Refinement Workers: 4
 Periodic GC: Disabled
Heap:
 garbage-first heap   total 119808K, used 65448K [0x00000000c9800000, 0x0000000100000000)
  region size 1024K, 1 young (1024K), 1 survivors (1024K)
 Metaspace       used 66654K, committed 67456K, reserved 1114112K
  class space    used 7630K, committed 8064K, reserved 1048576K
GC Heap History (20 events):
Event: 15.793 GC heap after
{Heap after GC invocations=14 (full 0):
 garbage-first heap   total 92160K, used 43365K [0x00000000c9800000, 0x0000000100000000)
  region size 1024K, 5 young (5120K), 5 survivors (5120K)
 Metaspace       used 51112K, committed 51904K, reserved 1114112K
  class space    used 6296K, committed 6720K, reserved 1048576K
}
Event: 16.417 GC heap before
{Heap before GC invocations=14 (full 0):
 garbage-first heap   total 92160K, used 69989K [0x00000000c9800000, 0x0000000100000000)
  region size 1024K, 31 young (31744K), 5 survivors (5120K)
 Metaspace       used 51606K, committed 52416K, reserved 1114112K
  class space    used 6299K, committed 6720K, reserved 1048576K
}
Event: 16.439 GC heap after
{Heap after GC invocations=15 (full 0):
 garbage-first heap   total 92160K, used 47206K [0x00000000c9800000, 0x0000000100000000)
  region size 1024K, 4 young (4096K), 4 survivors (4096K)
 Metaspace       used 51606K, committed 52416K, reserved 1114112K
  class space    used 6299K, committed 6720K, reserved 1048576K
}
Event: 17.021 GC heap before
{Heap before GC invocations=15 (full 0):
 garbage-first heap   total 92160K, used 70758K [0x00000000c9800000, 0x0000000100000000)
  region size 1024K, 27 young (27648K), 4 survivors (4096K)
 Metaspace       used 52787K, committed 53568K, reserved 1114112K
  class space    used 6425K, committed 6848K, reserved 1048576K
}
Event: 17.040 GC heap after
{Heap after GC invocations=16 (full 0):
 garbage-first heap   total 110592K, used 51016K [0x00000000c9800000, 0x0000000100000000)
  region size 1024K, 4 young (4096K), 4 survivors (4096K)
 Metaspace       used 52787K, committed 53568K, reserved 1114112K
  class space    used 6425K, committed 6848K, reserved 1048576K
}
Event: 18.661 GC heap before
{Heap before GC invocations=17 (full 0):
 garbage-first heap   total 110592K, used 82760K [0x00000000c9800000, 0x0000000100000000)
  region size 1024K, 36 young (36864K), 4 survivors (4096K)
 Metaspace       used 55381K, committed 56192K, reserved 1114112K
  class space    used 6669K, committed 7104K, reserved 1048576K
}
Event: 18.681 GC heap after
{Heap after GC invocations=18 (full 0):
 garbage-first heap   total 110592K, used 53799K [0x00000000c9800000, 0x0000000100000000)
  region size 1024K, 4 young (4096K), 4 survivors (4096K)
 Metaspace       used 55381K, committed 56192K, reserved 1114112K
  class space    used 6669K, committed 7104K, reserved 1048576K
}
Event: 18.718 GC heap before
{Heap before GC invocations=18 (full 0):
 garbage-first heap   total 110592K, used 54823K [0x00000000c9800000, 0x0000000100000000)
  region size 1024K, 5 young (5120K), 4 survivors (4096K)
 Metaspace       used 55511K, committed 56320K, reserved 1114112K
  class space    used 6683K, committed 7104K, reserved 1048576K
}
Event: 18.727 GC heap after
{Heap after GC invocations=19 (full 0):
 garbage-first heap   total 110592K, used 53479K [0x00000000c9800000, 0x0000000100000000)
  region size 1024K, 1 young (1024K), 1 survivors (1024K)
 Metaspace       used 55511K, committed 56320K, reserved 1114112K
  class space    used 6683K, committed 7104K, reserved 1048576K
}
Event: 20.337 GC heap before
{Heap before GC invocations=19 (full 0):
 garbage-first heap   total 110592K, used 84199K [0x00000000c9800000, 0x0000000100000000)
  region size 1024K, 32 young (32768K), 1 survivors (1024K)
 Metaspace       used 57253K, committed 58048K, reserved 1114112K
  class space    used 6746K, committed 7168K, reserved 1048576K
}
Event: 20.348 GC heap after
{Heap after GC invocations=20 (full 0):
 garbage-first heap   total 110592K, used 56125K [0x00000000c9800000, 0x0000000100000000)
  region size 1024K, 4 young (4096K), 4 survivors (4096K)
 Metaspace       used 57253K, committed 58048K, reserved 1114112K
  class space    used 6746K, committed 7168K, reserved 1048576K
}
Event: 21.357 GC heap before
{Heap before GC invocations=21 (full 0):
 garbage-first heap   total 114688K, used 87869K [0x00000000c9800000, 0x0000000100000000)
  region size 1024K, 34 young (34816K), 4 survivors (4096K)
 Metaspace       used 59443K, committed 60224K, reserved 1114112K
  class space    used 6942K, committed 7360K, reserved 1048576K
}
Event: 21.375 GC heap after
{Heap after GC invocations=22 (full 0):
 garbage-first heap   total 114688K, used 58606K [0x00000000c9800000, 0x0000000100000000)
  region size 1024K, 3 young (3072K), 3 survivors (3072K)
 Metaspace       used 59443K, committed 60224K, reserved 1114112K
  class space    used 6942K, committed 7360K, reserved 1048576K
}
Event: 21.443 GC heap before
{Heap before GC invocations=22 (full 0):
 garbage-first heap   total 114688K, used 60654K [0x00000000c9800000, 0x0000000100000000)
  region size 1024K, 5 young (5120K), 3 survivors (3072K)
 Metaspace       used 59853K, committed 60672K, reserved 1114112K
  class space    used 6996K, committed 7424K, reserved 1048576K
}
Event: 21.451 GC heap after
{Heap after GC invocations=23 (full 0):
 garbage-first heap   total 114688K, used 58351K [0x00000000c9800000, 0x0000000100000000)
  region size 1024K, 1 young (1024K), 1 survivors (1024K)
 Metaspace       used 59853K, committed 60672K, reserved 1114112K
  class space    used 6996K, committed 7424K, reserved 1048576K
}
Event: 22.394 GC heap before
{Heap before GC invocations=23 (full 0):
 garbage-first heap   total 114688K, used 89071K [0x00000000c9800000, 0x0000000100000000)
  region size 1024K, 32 young (32768K), 1 survivors (1024K)
 Metaspace       used 64465K, committed 65216K, reserved 1114112K
  class space    used 7401K, committed 7808K, reserved 1048576K
}
Event: 22.403 GC heap after
{Heap after GC invocations=24 (full 0):
 garbage-first heap   total 114688K, used 60896K [0x00000000c9800000, 0x0000000100000000)
  region size 1024K, 4 young (4096K), 4 survivors (4096K)
 Metaspace       used 64465K, committed 65216K, reserved 1114112K
  class space    used 7401K, committed 7808K, reserved 1048576K
}
Event: 23.090 GC heap before
{Heap before GC invocations=25 (full 0):
 garbage-first heap   total 119808K, used 90592K [0x00000000c9800000, 0x0000000100000000)
  region size 1024K, 33 young (33792K), 4 survivors (4096K)
 Metaspace       used 66442K, committed 67200K, reserved 1114112K
  class space    used 7611K, committed 8000K, reserved 1048576K
}
Event: 23.108 GC heap after
{Heap after GC invocations=26 (full 0):
 garbage-first heap   total 119808K, used 64771K [0x00000000c9800000, 0x0000000100000000)
  region size 1024K, 4 young (4096K), 4 survivors (4096K)
 Metaspace       used 66442K, committed 67200K, reserved 1114112K
  class space    used 7611K, committed 8000K, reserved 1048576K
}
Event: 23.137 GC heap before
{Heap before GC invocations=26 (full 0):
 garbage-first heap   total 119808K, used 65795K [0x00000000c9800000, 0x0000000100000000)
  region size 1024K, 5 young (5120K), 4 survivors (4096K)
 Metaspace       used 66654K, committed 67456K, reserved 1114112K
  class space    used 7630K, committed 8064K, reserved 1048576K
}

